<?xml version="1.0" encoding="UTF-8"?>
<testng-results skipped="15" failed="0" total="15" passed="0">
  <reporter-output>
  </reporter-output>
  <suite name="Default suite" duration-ms="1729" started-at="2017-09-20T11:34:13Z" finished-at="2017-09-20T11:34:15Z">
    <groups>
    </groups>
    <test name="Default test" duration-ms="1729" started-at="2017-09-20T11:34:13Z" finished-at="2017-09-20T11:34:15Z">
      <class name="PositivWebIEedge.PositivWebIEedge.PositivIEedgeTest">
        <test-method status="FAIL" signature="Before()[pri:0, instance:PositivWebIEedge.PositivWebIEedge.PositivIEedgeTest@553f17c]" name="Before" is-config="true" duration-ms="0" started-at="2017-09-20T17:04:13Z" finished-at="2017-09-20T17:04:13Z">
          <exception class="org.openqa.selenium.SessionNotCreatedException">
            <message>
              <![CDATA[Unexpected error launching Internet Explorer. Protected Mode settings are not the same for all zones. Enable Protected Mode must be set to the same value (enabled or disabled) for all zones.
Build info: version: '3.4.0', revision: 'unknown', time: 'unknown'
System info: host: 'GATE6-70', ip: '192.168.237.2', os.name: 'Windows 10', os.arch: 'amd64', os.version: '10.0', java.version: '1.8.0_144'
Driver info: driver.version: InternetExplorerDriver
remote stacktrace: ]]>
            </message>
            <full-stacktrace>
              <![CDATA[org.openqa.selenium.SessionNotCreatedException: Unexpected error launching Internet Explorer. Protected Mode settings are not the same for all zones. Enable Protected Mode must be set to the same value (enabled or disabled) for all zones.
Build info: version: '3.4.0', revision: 'unknown', time: 'unknown'
System info: host: 'GATE6-70', ip: '192.168.237.2', os.name: 'Windows 10', os.arch: 'amd64', os.version: '10.0', java.version: '1.8.0_144'
Driver info: driver.version: InternetExplorerDriver
remote stacktrace: 
	at sun.reflect.NativeConstructorAccessorImpl.newInstance0(Native Method)
	at sun.reflect.NativeConstructorAccessorImpl.newInstance(NativeConstructorAccessorImpl.java:62)
	at sun.reflect.DelegatingConstructorAccessorImpl.newInstance(DelegatingConstructorAccessorImpl.java:45)
	at java.lang.reflect.Constructor.newInstance(Constructor.java:423)
	at org.openqa.selenium.remote.W3CHandshakeResponse.lambda$new$0(W3CHandshakeResponse.java:57)
	at org.openqa.selenium.remote.W3CHandshakeResponse.lambda$getResponseFunction$2(W3CHandshakeResponse.java:104)
	at org.openqa.selenium.remote.ProtocolHandshake.lambda$createSession$22(ProtocolHandshake.java:365)
	at java.util.stream.ReferencePipeline$3$1.accept(ReferencePipeline.java:193)
	at java.util.Spliterators$ArraySpliterator.tryAdvance(Spliterators.java:958)
	at java.util.stream.ReferencePipeline.forEachWithCancel(ReferencePipeline.java:126)
	at java.util.stream.AbstractPipeline.copyIntoWithCancel(AbstractPipeline.java:498)
	at java.util.stream.AbstractPipeline.copyInto(AbstractPipeline.java:485)
	at java.util.stream.AbstractPipeline.wrapAndCopyInto(AbstractPipeline.java:471)
	at java.util.stream.FindOps$FindOp.evaluateSequential(FindOps.java:152)
	at java.util.stream.AbstractPipeline.evaluate(AbstractPipeline.java:234)
	at java.util.stream.ReferencePipeline.findFirst(ReferencePipeline.java:464)
	at org.openqa.selenium.remote.ProtocolHandshake.createSession(ProtocolHandshake.java:368)
	at org.openqa.selenium.remote.ProtocolHandshake.createSession(ProtocolHandshake.java:159)
	at org.openqa.selenium.remote.HttpCommandExecutor.execute(HttpCommandExecutor.java:142)
	at org.openqa.selenium.remote.service.DriverCommandExecutor.execute(DriverCommandExecutor.java:82)
	at org.openqa.selenium.remote.RemoteWebDriver.execute(RemoteWebDriver.java:637)
	at org.openqa.selenium.remote.RemoteWebDriver.startSession(RemoteWebDriver.java:250)
	at org.openqa.selenium.remote.RemoteWebDriver.startSession(RemoteWebDriver.java:236)
	at org.openqa.selenium.ie.InternetExplorerDriver.run(InternetExplorerDriver.java:220)
	at org.openqa.selenium.ie.InternetExplorerDriver.<init>(InternetExplorerDriver.java:212)
	at org.openqa.selenium.ie.InternetExplorerDriver.<init>(InternetExplorerDriver.java:154)
	at PositivWebIEedge.PositivWebIEedge.PositivIEedgeTest.Before(PositivIEedgeTest.java:54)
	at sun.reflect.NativeMethodAccessorImpl.invoke0(Native Method)
	at sun.reflect.NativeMethodAccessorImpl.invoke(NativeMethodAccessorImpl.java:62)
	at sun.reflect.DelegatingMethodAccessorImpl.invoke(DelegatingMethodAccessorImpl.java:43)
	at java.lang.reflect.Method.invoke(Method.java:498)
	at org.testng.internal.MethodInvocationHelper.invokeMethod(MethodInvocationHelper.java:80)
	at org.testng.internal.Invoker.invokeConfigurationMethod(Invoker.java:564)
	at org.testng.internal.Invoker.invokeConfigurations(Invoker.java:213)
	at org.testng.internal.Invoker.invokeConfigurations(Invoker.java:138)
	at org.testng.TestRunner.beforeRun(TestRunner.java:641)
	at org.testng.TestRunner.run(TestRunner.java:609)
	at org.testng.SuiteRunner.runTest(SuiteRunner.java:334)
	at org.testng.SuiteRunner.runSequentially(SuiteRunner.java:329)
	at org.testng.SuiteRunner.privateRun(SuiteRunner.java:291)
	at org.testng.SuiteRunner.run(SuiteRunner.java:240)
	at org.testng.SuiteRunnerWorker.runSuite(SuiteRunnerWorker.java:52)
	at org.testng.SuiteRunnerWorker.run(SuiteRunnerWorker.java:86)
	at org.testng.TestNG.runSuitesSequentially(TestNG.java:1198)
	at org.testng.TestNG.runSuitesLocally(TestNG.java:1123)
	at org.testng.TestNG.run(TestNG.java:1031)
	at org.testng.remote.AbstractRemoteTestNG.run(AbstractRemoteTestNG.java:132)
	at org.testng.remote.RemoteTestNG.initAndRun(RemoteTestNG.java:230)
	at org.testng.remote.RemoteTestNG.main(RemoteTestNG.java:76)
]]>
            </full-stacktrace>
          </exception> <!-- org.openqa.selenium.SessionNotCreatedException -->
          <reporter-output>
          </reporter-output>
        </test-method> <!-- Before -->
        <test-method status="SKIP" signature="CheckApp_Status()[pri:0, instance:PositivWebIEedge.PositivWebIEedge.PositivIEedgeTest@553f17c]" name="CheckApp_Status" duration-ms="2" started-at="2017-09-20T17:04:15Z" finished-at="2017-09-20T17:04:15Z">
          <reporter-output>
          </reporter-output>
        </test-method> <!-- CheckApp_Status -->
        <test-method status="SKIP" signature="BlankEmail()[pri:0, instance:PositivWebIEedge.PositivWebIEedge.PositivIEedgeTest@553f17c]" name="BlankEmail" duration-ms="2" started-at="2017-09-20T17:04:15Z" finished-at="2017-09-20T17:04:15Z">
          <reporter-output>
          </reporter-output>
        </test-method> <!-- BlankEmail -->
        <test-method status="SKIP" signature="BlankFullName()[pri:0, instance:PositivWebIEedge.PositivWebIEedge.PositivIEedgeTest@553f17c]" name="BlankFullName" duration-ms="2" started-at="2017-09-20T17:04:15Z" finished-at="2017-09-20T17:04:15Z">
          <reporter-output>
          </reporter-output>
        </test-method> <!-- BlankFullName -->
        <test-method status="SKIP" signature="InvalidEmail()[pri:0, instance:PositivWebIEedge.PositivWebIEedge.PositivIEedgeTest@553f17c]" name="InvalidEmail" duration-ms="2" started-at="2017-09-20T17:04:15Z" finished-at="2017-09-20T17:04:15Z">
          <reporter-output>
          </reporter-output>
        </test-method> <!-- InvalidEmail -->
        <test-method status="SKIP" signature="InvalidPassword()[pri:0, instance:PositivWebIEedge.PositivWebIEedge.PositivIEedgeTest@553f17c]" name="InvalidPassword" duration-ms="1" started-at="2017-09-20T17:04:15Z" finished-at="2017-09-20T17:04:15Z">
          <reporter-output>
          </reporter-output>
        </test-method> <!-- InvalidPassword -->
        <test-method status="SKIP" signature="ValidSignup()[pri:0, instance:PositivWebIEedge.PositivWebIEedge.PositivIEedgeTest@553f17c]" name="ValidSignup" duration-ms="7" started-at="2017-09-20T17:04:15Z" finished-at="2017-09-20T17:04:15Z">
          <reporter-output>
          </reporter-output>
        </test-method> <!-- ValidSignup -->
        <test-method status="SKIP" signature="Invalid_EmailLogin()[pri:0, instance:PositivWebIEedge.PositivWebIEedge.PositivIEedgeTest@553f17c]" name="Invalid_EmailLogin" duration-ms="7" started-at="2017-09-20T17:04:15Z" finished-at="2017-09-20T17:04:15Z">
          <reporter-output>
          </reporter-output>
        </test-method> <!-- Invalid_EmailLogin -->
        <test-method status="SKIP" signature="Invalid_PasswordLogin()[pri:0, instance:PositivWebIEedge.PositivWebIEedge.PositivIEedgeTest@553f17c]" name="Invalid_PasswordLogin" duration-ms="3" started-at="2017-09-20T17:04:15Z" finished-at="2017-09-20T17:04:15Z">
          <reporter-output>
          </reporter-output>
        </test-method> <!-- Invalid_PasswordLogin -->
        <test-method status="SKIP" signature="Valid_Login()[pri:0, instance:PositivWebIEedge.PositivWebIEedge.PositivIEedgeTest@553f17c]" name="Valid_Login" duration-ms="2" started-at="2017-09-20T17:04:15Z" finished-at="2017-09-20T17:04:15Z">
          <reporter-output>
          </reporter-output>
        </test-method> <!-- Valid_Login -->
        <test-method status="SKIP" signature="Logout_Test()[pri:0, instance:PositivWebIEedge.PositivWebIEedge.PositivIEedgeTest@553f17c]" name="Logout_Test" duration-ms="2" started-at="2017-09-20T17:04:15Z" finished-at="2017-09-20T17:04:15Z">
          <reporter-output>
          </reporter-output>
        </test-method> <!-- Logout_Test -->
        <test-method status="SKIP" signature="Forgot_Password_with_registerd_user()[pri:0, instance:PositivWebIEedge.PositivWebIEedge.PositivIEedgeTest@553f17c]" name="Forgot_Password_with_registerd_user" duration-ms="2" started-at="2017-09-20T17:04:15Z" finished-at="2017-09-20T17:04:15Z">
          <reporter-output>
          </reporter-output>
        </test-method> <!-- Forgot_Password_with_registerd_user -->
        <test-method status="SKIP" signature="Forgot_Password_with_invalid__user()[pri:0, instance:PositivWebIEedge.PositivWebIEedge.PositivIEedgeTest@553f17c]" name="Forgot_Password_with_invalid__user" duration-ms="1" started-at="2017-09-20T17:04:15Z" finished-at="2017-09-20T17:04:15Z">
          <reporter-output>
          </reporter-output>
        </test-method> <!-- Forgot_Password_with_invalid__user -->
        <test-method status="SKIP" signature="Edit_profile()[pri:0, instance:PositivWebIEedge.PositivWebIEedge.PositivIEedgeTest@553f17c]" name="Edit_profile" duration-ms="3" started-at="2017-09-20T17:04:15Z" finished-at="2017-09-20T17:04:15Z">
          <reporter-output>
          </reporter-output>
        </test-method> <!-- Edit_profile -->
        <test-method status="SKIP" signature="changePassword()[pri:0, instance:PositivWebIEedge.PositivWebIEedge.PositivIEedgeTest@553f17c]" name="changePassword" duration-ms="18" started-at="2017-09-20T17:04:15Z" finished-at="2017-09-20T17:04:15Z">
          <reporter-output>
          </reporter-output>
        </test-method> <!-- changePassword -->
        <test-method status="SKIP" signature="updateCard()[pri:0, instance:PositivWebIEedge.PositivWebIEedge.PositivIEedgeTest@553f17c]" name="updateCard" duration-ms="2" started-at="2017-09-20T17:04:15Z" finished-at="2017-09-20T17:04:15Z">
          <reporter-output>
          </reporter-output>
        </test-method> <!-- updateCard -->
        <test-method status="SKIP" signature="afterTest()[pri:0, instance:PositivWebIEedge.PositivWebIEedge.PositivIEedgeTest@553f17c]" name="afterTest" is-config="true" duration-ms="0" started-at="2017-09-20T17:04:15Z" finished-at="2017-09-20T17:04:15Z">
          <reporter-output>
          </reporter-output>
        </test-method> <!-- afterTest -->
      </class> <!-- PositivWebIEedge.PositivWebIEedge.PositivIEedgeTest -->
    </test> <!-- Default test -->
  </suite> <!-- Default suite -->
</testng-results>
